<?xml version='1.0' encoding='UTF-8'?>
<testsuite hostname="GustavLaptop" name="CacheControllerTest" tests="10" errors="0" failures="0" skipped="0" time="9.21" timestamp="2025-03-06T14:41:58">
          <properties>
      <property name="java.specification.version" value="17"/><property name="sun.cpu.isalist" value="amd64"/><property name="sun.jnu.encoding" value="Cp1252"/><property name="sun.arch.data.model" value="64"/><property name="sbt.supershell" value="false"/><property name="java.vendor.url" value="https://adoptium.net/"/><property name="user.country.format" value="DK"/><property name="sun.boot.library.path" value="C:\Program Files\Eclipse Adoptium\jdk-17.0.6.10-hotspot\bin"/><property name="sun.java.command" value="C:\Users\gusta\AppData\Roaming\JetBrains\IntelliJIdea2023.1\plugins\Scala\launcher\sbt-launch.jar early(addPluginSbtFile=&quot;&quot;&quot;C:\Users\gusta\AppData\Local\Temp\idea.sbt&quot;&quot;&quot;) ; set ideaPort in Global := 51945 ; idea-shell"/><property name="jdk.debug" value="release"/><property name="sun.stderr.encoding" value="cp850"/><property name="java.specification.vendor" value="Oracle Corporation"/><property name="java.version.date" value="2023-01-17"/><property name="java.home" value="C:\Program Files\Eclipse Adoptium\jdk-17.0.6.10-hotspot"/><property name="file.separator" value="\"/><property name="java.vm.compressedOopsMode" value="32-bit"/><property name="line.separator" value="
"/><property name="sun.stdout.encoding" value="cp850"/><property name="java.vm.specification.vendor" value="Oracle Corporation"/><property name="java.specification.name" value="Java Platform API Specification"/><property name="idea.installation.dir" value="C:\Program Files\JetBrains\IntelliJ IDEA 2022.3.2"/><property name="user.script" value=""/><property name="sun.management.compiler" value="HotSpot 64-Bit Tiered Compilers"/><property name="java.runtime.version" value="17.0.6+10"/><property name="user.name" value="gusta"/><property name="log4j.ignoreTCL" value="true"/><property name="file.encoding" value="UTF-8"/><property name="jnidispatch.path" value="C:\Users\gusta\AppData\Local\Temp\jna-98722418\jna17238942798250096220.dll"/><property name="java.vendor.version" value="Temurin-17.0.6+10"/><property name="jna.loaded" value="true"/><property name="java.io.tmpdir" value="C:\Users\gusta\AppData\Local\Temp\"/><property name="java.version" value="17.0.6"/><property name="java.vm.specification.name" value="Java Virtual Machine Specification"/><property name="sun.os.patch.level" value=""/><property name="native.encoding" value="Cp1252"/><property name="java.library.path" value="C:\Program Files\Eclipse Adoptium\jdk-17.0.6.10-hotspot\bin;C:\WINDOWS\Sun\Java\bin;C:\WINDOWS\system32;C:\WINDOWS;C:\Program Files (x86)\Common Files\Oracle\Java\java8path;C:\Program Files (x86)\Common Files\Oracle\Java\javapath;C:\users\gusta\appdata\local\programs\python\Python312;C:\MinGW\bin;C:\MinGW-dev-lib32\bin;C:\MinGW-dev-lib64\bin;C:\Program Files\Microsoft MPI\Bin\;%PATH%;C:\Program Files\Microsoft SQL Server\150\Tools\Binn\;C:\msys64\mingw64\bin;C:\msys64\usr\bin;C:\Program Files\dotnet\;C:\Program Files (x86)\Windows Kits\10\Windows Performance Toolkit\;C:\Users\gusta\AppData\Local\Programs\Python\Python312\Scripts\;C:\Users\gusta\AppData\Local\Programs\Python\Python312\;C:\Users\gusta\AppData\Local\Programs\Python\Launcher\;C:\Users\gusta\AppData\Local\Microsoft\WindowsApps;C:\Users\gusta\AppData\Local\Programs\Microsoft VS Code\bin;C:\Users\gusta\AppData\Local\Coursier\data\bin;C:\Users\gusta\AppData\Local\GitHubDesktop\bin;C:\Users\gusta\.dotnet\tools;C:\MinGW\bin;C:\MinGW-dev-lib\bin;;."/><property name="java.vendor" value="Eclipse Adoptium"/><property name="sun.io.unicode.encoding" value="UnicodeLittle"/><property name="java.class.path" value="C:\Users\gusta\AppData\Roaming\JetBrains\IntelliJIdea2023.1\plugins\Scala\launcher\sbt-launch.jar"/><property name="java.vm.vendor" value="Eclipse Adoptium"/><property name="user.variant" value=""/><property name="jline.shutdownhook" value="false"/><property name="user.timezone" value="Europe/Copenhagen"/><property name="java.vm.specification.version" value="17"/><property name="os.name" value="Windows 11"/><property name="sun.java.launcher" value="SUN_STANDARD"/><property name="user.country" value="US"/><property name="sun.cpu.endian" value="little"/><property name="user.home" value="C:\Users\gusta"/><property name="user.language" value="en"/><property name="sbt.ipcsocket.tmpdir" value="C:\Users\gusta\AppData\Local\Temp\.sbt49ce41ac\ipcsocket"/><property name="swoval.tmpdir" value="C:\Users\gusta\AppData\Local\Temp\.sbt49ce41ac\swoval"/><property name="jline.esc.timeout" value="0"/><property name="path.separator" value=";"/><property name="os.version" value="10.0"/><property name="jna.nosys" value="true"/><property name="java.runtime.name" value="OpenJDK Runtime Environment"/><property name="sbt.log.noformat" value="true"/><property name="java.vm.name" value="OpenJDK 64-Bit Server VM"/><property name="java.vendor.url.bug" value="https://github.com/adoptium/adoptium-support/issues"/><property name="user.dir" value="C:\Users\gusta\OneDrive - Danmarks Tekniske Universitet\6. Semester\Bachelor\Cache"/><property name="os.arch" value="amd64"/><property name="user.language.format" value="da"/><property name="idea.managed" value="true"/><property name="java.vm.info" value="mixed mode, sharing"/><property name="java.vm.version" value="17.0.6+10"/><property name="java.class.version" value="61.0"/>
    </properties>
          <testcase classname="CacheControllerTest" name="Controller should init" time="3.592">
                      
                    </testcase><testcase classname="CacheControllerTest" name="Controller should miss" time="1.637">
                      
                    </testcase><testcase classname="CacheControllerTest" name="Controller should be invalid" time="0.567">
                      
                    </testcase><testcase classname="CacheControllerTest" name="Controller should be valid" time="0.458">
                      
                    </testcase><testcase classname="CacheControllerTest" name="Controller should hit" time="0.549">
                      
                    </testcase><testcase classname="CacheControllerTest" name="Controller should write" time="0.489">
                      
                    </testcase><testcase classname="CacheControllerTest" name="Controller should read" time="0.505">
                      
                    </testcase><testcase classname="CacheControllerTest" name="Controller should read (other word in block)" time="0.56">
                      
                    </testcase><testcase classname="CacheControllerTest" name="Controller should be invalid (new block)" time="0.429">
                      
                    </testcase><testcase classname="CacheControllerTest" name="Controller should allocate" time="0.424">
                      
                    </testcase>
          <system-out><![CDATA[]]></system-out>
          <system-err><![CDATA[]]></system-err>
        </testsuite>